\BOOKMARK [0][-]{chapter*.1}{Abstract}{}% 1
\BOOKMARK [0][-]{chapter*.3}{List of Tables}{}% 2
\BOOKMARK [0][-]{chapter*.4}{List of Figures}{}% 3
\BOOKMARK [0][-]{chapter*.5}{List of Abbreviations and Symbols}{}% 4
\BOOKMARK [0][-]{chapter*.8}{Acknowledgements}{}% 5
\BOOKMARK [0][-]{chapter.1}{1 Introduction}{}% 6
\BOOKMARK [0][-]{chapter.2}{2 Duke Dissertation Class Documentation}{}% 7
\BOOKMARK [1][-]{section.2.1}{2.1 Features}{chapter.2}% 8
\BOOKMARK [1][-]{section.2.2}{2.2 Limitations}{chapter.2}% 9
\BOOKMARK [1][-]{section.2.3}{2.3 Class options}{chapter.2}% 10
\BOOKMARK [0][-]{chapter.3}{3 Basic Document Class Features}{}% 11
\BOOKMARK [1][-]{section.3.1}{3.1 Intra-chapter divisions: Sections}{chapter.3}% 12
\BOOKMARK [2][-]{subsection.3.1.1}{3.1.1 Subsections: Wow! Italics!}{section.3.1}% 13
\BOOKMARK [1][-]{section.3.2}{3.2 Let's do some math}{chapter.3}% 14
\BOOKMARK [1][-]{section.3.3}{3.3 Table of Contents Behavior}{chapter.3}% 15
\BOOKMARK [1][-]{section.3.4}{3.4 Figures and footnotes}{chapter.3}% 16
\BOOKMARK [2][-]{subsection.3.4.1}{3.4.1 List of Figures}{section.3.4}% 17
\BOOKMARK [1][-]{section.3.5}{3.5 Table example}{chapter.3}% 18
\BOOKMARK [2][-]{subsection.3.5.1}{3.5.1 Footnotes}{section.3.5}% 19
\BOOKMARK [1][-]{section.3.6}{3.6 Corner cases in formatting, such as very very very long section titles. Man, this goes on forever.}{chapter.3}% 20
\BOOKMARK [2][-]{subsection.3.6.1}{3.6.1 Figure and Table caption cases are neat, and this is an absurdly long subsection heading}{section.3.6}% 21
\BOOKMARK [0][-]{chapter.4}{4 Nonsense text for layout proofing}{}% 22
\BOOKMARK [1][-]{section.4.1}{4.1 Lorem Ipsum}{chapter.4}% 23
\BOOKMARK [1][-]{section.4.2}{4.2 More nonsense}{chapter.4}% 24
\BOOKMARK [0][-]{chapter.5}{5 Lorem ipsum prompta platonem intellegat ut est Tamquam epicurei ne duo Et quidam iuvaret eum}{}% 25
\BOOKMARK [1][-]{section.5.1}{5.1 Ea cum sanctus propriae forensibus, mea vidit iriure reprimique ut, ea nam agam kasd comprehensam Pro ei inani facilisi, labores detraxit ad cum}{chapter.5}% 26
\BOOKMARK [1][-]{section.5.2}{5.2 Ipsum}{chapter.5}% 27
\BOOKMARK [0][-]{appendix.A}{A Populo Ornatus}{}% 28
\BOOKMARK [0][-]{appendix.A}{Bibliography}{}% 29
\BOOKMARK [0][-]{appendix*.12}{Biography}{}% 30
